{"correo":"angel@gmail.com","intentos_fallidos":1,"ip":"::1","level":"warn","message":"Contraseña incorrecta","timestamp":"2025-07-11T16:56:41.926Z"}
{"correo":"angel@gmail.com","intentos_fallidos":2,"ip":"::1","level":"warn","message":"Contraseña incorrecta","timestamp":"2025-07-12T03:21:51.983Z"}
{"correo":"angel@gmail.com","intentos_fallidos":3,"ip":"::1","level":"warn","message":"Contraseña incorrecta","timestamp":"2025-07-12T03:21:53.512Z"}
{"correo":"angel@gmail.com","intentos_fallidos":4,"ip":"::1","level":"warn","message":"Contraseña incorrecta","timestamp":"2025-07-12T03:21:55.010Z"}
{"correo":"angel@gmail.com","intentos_fallidos":5,"ip":"::1","level":"warn","message":"Cuenta bloqueada por intentos fallidos","timestamp":"2025-07-12T03:21:55.994Z"}
{"correo":"angel@gmail.com","intentos_fallidos":6,"ip":"::1","level":"warn","message":"Cuenta bloqueada por intentos fallidos","timestamp":"2025-07-12T04:53:53.108Z"}
{"correo":"angel@gmail.com","intentos_fallidos":6,"ip":"::1","level":"warn","message":"Cuenta bloqueada por intentos fallidos","timestamp":"2025-07-12T04:53:53.160Z"}
{"bloqueado_hasta":"2025-07-12T05:08:52.000Z","correo":"angel@gmail.com","ip":"::1","level":"warn","message":"Intento de acceso a cuenta bloqueada","timestamp":"2025-07-12T04:53:55.908Z"}
{"bloqueado_hasta":"2025-07-12T05:08:52.000Z","correo":"angel@gmail.com","ip":"::1","level":"warn","message":"Intento de acceso a cuenta bloqueada","timestamp":"2025-07-12T04:53:57.178Z"}
{"bloqueado_hasta":"2025-07-12T05:08:52.000Z","correo":"angel@gmail.com","ip":"::1","level":"warn","message":"Intento de acceso a cuenta bloqueada","timestamp":"2025-07-12T04:53:58.471Z"}
{"correo":"angel@gmail.com","id_usuario":1,"ip":"::1","level":"info","message":"Login exitoso","timestamp":"2025-07-12T05:43:44.620Z"}
{"correo":"angel@gmail.com","id_usuario":1,"ip":"::1","level":"info","message":"Login exitoso","timestamp":"2025-07-12T05:43:44.638Z"}
{"correo":"angel@gmail.com","id_usuario":1,"ip":"::1","level":"info","message":"Login exitoso","timestamp":"2025-07-14T18:46:52.053Z"}
{"correo":"angel@gmail.com","id_usuario":1,"ip":"::1","level":"info","message":"Login exitoso","timestamp":"2025-07-14T19:52:40.558Z"}
{"correo":"angel@gmail.com","id_usuario":1,"ip":"::1","level":"info","message":"Login exitoso","timestamp":"2025-07-14T21:32:42.412Z"}
{"correo":"angel@gmail.com","id_usuario":1,"ip":"::1","level":"info","message":"Login exitoso","timestamp":"2025-07-14T21:39:50.717Z"}
{"correo":"rooklrs@outlook.com","id_usuario":3,"ip":"::1","level":"info","message":"Login exitoso","timestamp":"2025-07-14T21:40:17.916Z"}
{"correo":"angel@gmail.com","id_usuario":1,"ip":"::1","level":"info","message":"Login exitoso","timestamp":"2025-07-14T21:41:14.874Z"}
{"correo":"angel@gmail.com","id_usuario":1,"ip":"::1","level":"info","message":"Login exitoso","timestamp":"2025-07-14T21:43:26.324Z"}
{"correo":"angel@gmail.com","intentos_fallidos":1,"ip":"::1","level":"warn","message":"Contraseña incorrecta","timestamp":"2025-07-14T21:59:03.802Z"}
{"correo":"angel@gmail.com","intentos_fallidos":2,"ip":"::1","level":"warn","message":"Contraseña incorrecta","timestamp":"2025-07-14T21:59:10.911Z"}
{"correo":"angel@gmail.com","id_usuario":1,"ip":"::1","level":"info","message":"Login exitoso","timestamp":"2025-07-14T21:59:34.286Z"}
{"correo":"angel@gmail.com","intentos_fallidos":1,"ip":"::1","level":"warn","message":"Contraseña incorrecta","timestamp":"2025-07-14T22:03:46.015Z"}
{"correo":"angel@gmail.com","intentos_fallidos":2,"ip":"::1","level":"warn","message":"Contraseña incorrecta","timestamp":"2025-07-14T22:03:48.568Z"}
{"correo":"angel@gmail.com","intentos_fallidos":3,"ip":"::1","level":"warn","message":"Contraseña incorrecta","timestamp":"2025-07-14T22:03:49.720Z"}
{"correo":"angel@gmail.com","intentos_fallidos":4,"ip":"::1","level":"warn","message":"Contraseña incorrecta","timestamp":"2025-07-14T22:03:50.987Z"}
{"correo":"angel@gmail.com","intentos_fallidos":5,"ip":"::1","level":"warn","message":"Cuenta bloqueada por intentos fallidos","timestamp":"2025-07-14T22:03:52.316Z"}
{"bloqueado_hasta":"2025-07-14T22:18:52.000Z","correo":"angel@gmail.com","ip":"::1","level":"warn","message":"Intento de acceso a cuenta bloqueada","timestamp":"2025-07-14T22:03:53.046Z"}
{"bloqueado_hasta":"2025-07-14T22:18:52.000Z","correo":"angel@gmail.com","ip":"::1","level":"warn","message":"Intento de acceso a cuenta bloqueada","timestamp":"2025-07-14T22:15:09.599Z"}
{"bloqueado_hasta":"2025-07-14T22:18:52.000Z","correo":"angel@gmail.com","ip":"::1","level":"warn","message":"Intento de acceso a cuenta bloqueada","timestamp":"2025-07-14T22:15:17.373Z"}
{"bloqueado_hasta":"2025-07-14T22:18:52.000Z","correo":"angel@gmail.com","ip":"::1","level":"warn","message":"Intento de acceso a cuenta bloqueada","timestamp":"2025-07-14T22:15:20.419Z"}
{"bloqueado_hasta":"2025-07-14T22:18:52.000Z","correo":"angel@gmail.com","ip":"::1","level":"warn","message":"Intento de acceso a cuenta bloqueada","timestamp":"2025-07-14T22:15:38.744Z"}
{"bloqueado_hasta":"2025-07-14T22:18:52.000Z","correo":"angel@gmail.com","ip":"::1","level":"warn","message":"Intento de acceso a cuenta bloqueada","timestamp":"2025-07-14T22:16:13.358Z"}
{"correo":"angel@gmail.com","intentos_fallidos":6,"ip":"::1","level":"warn","message":"Cuenta bloqueada por intentos fallidos","timestamp":"2025-07-14T22:18:57.139Z"}
{"bloqueado_hasta":"2025-07-14T22:33:57.000Z","correo":"angel@gmail.com","ip":"::1","level":"warn","message":"Intento de acceso a cuenta bloqueada","timestamp":"2025-07-14T22:18:58.335Z"}
{"bloqueado_hasta":"2025-07-14T22:33:57.000Z","correo":"angel@gmail.com","ip":"::1","level":"warn","message":"Intento de acceso a cuenta bloqueada","timestamp":"2025-07-14T22:19:43.480Z"}
{"bloqueado_hasta":"2025-07-14T22:33:57.000Z","correo":"angel@gmail.com","ip":"::1","level":"warn","message":"Intento de acceso a cuenta bloqueada","timestamp":"2025-07-14T22:22:38.882Z"}
{"bloqueado_hasta":"2025-07-14T22:33:57.000Z","correo":"angel@gmail.com","ip":"::1","level":"warn","message":"Intento de acceso a cuenta bloqueada","timestamp":"2025-07-14T22:22:52.827Z"}
{"correo":"angel@gmail.com","intentos_fallidos":7,"ip":"::1","level":"warn","message":"Cuenta bloqueada por intentos fallidos","timestamp":"2025-07-14T23:04:02.893Z"}
{"bloqueado_hasta":"2025-07-14T23:19:02.000Z","correo":"angel@gmail.com","ip":"::1","level":"warn","message":"Intento de acceso a cuenta bloqueada","timestamp":"2025-07-14T23:04:31.977Z"}
{"bloqueado_hasta":"2025-07-14T23:19:02.000Z","correo":"angel@gmail.com","ip":"::1","level":"warn","message":"Intento de acceso a cuenta bloqueada","timestamp":"2025-07-14T23:08:46.859Z"}
{"bloqueado_hasta":"2025-07-14T23:19:02.000Z","correo":"angel@gmail.com","ip":"::1","level":"warn","message":"Intento de acceso a cuenta bloqueada","timestamp":"2025-07-14T23:15:02.652Z"}
{"bloqueado_hasta":"2025-07-14T23:19:02.000Z","correo":"angel@gmail.com","ip":"::1","level":"warn","message":"Intento de acceso a cuenta bloqueada","timestamp":"2025-07-14T23:18:02.845Z"}
{"correo":"angel@gmail.com","intentos_fallidos":8,"ip":"::1","level":"warn","message":"Cuenta bloqueada por intentos fallidos","timestamp":"2025-07-14T23:20:47.036Z"}
{"bloqueado_hasta":"2025-07-14T23:35:46.000Z","correo":"angel@gmail.com","ip":"::1","level":"warn","message":"Intento de acceso a cuenta bloqueada","timestamp":"2025-07-14T23:25:20.490Z"}
{"correo":"rooklrs@outlook.com","id_usuario":3,"ip":"::1","level":"info","message":"Login exitoso","timestamp":"2025-07-14T23:33:45.447Z"}
{"correo":"angel@gmail.com","intentos_fallidos":9,"ip":"::1","level":"warn","message":"Cuenta bloqueada por intentos fallidos","timestamp":"2025-07-15T03:33:32.297Z"}
{"bloqueado_hasta":"2025-07-15T03:48:31.000Z","correo":"angel@gmail.com","ip":"::1","level":"warn","message":"Intento de acceso a cuenta bloqueada","timestamp":"2025-07-15T03:35:23.982Z"}
{"bloqueado_hasta":"2025-07-15T03:48:31.000Z","correo":"angel@gmail.com","ip":"::1","level":"warn","message":"Intento de acceso a cuenta bloqueada","timestamp":"2025-07-15T03:37:11.476Z"}
{"bloqueado_hasta":"2025-07-15T03:48:31.000Z","correo":"angel@gmail.com","ip":"::1","level":"warn","message":"Intento de acceso a cuenta bloqueada","timestamp":"2025-07-15T03:39:35.818Z"}
{"correo":"angel@gmail.com","id_usuario":1,"ip":"::1","level":"info","message":"Login exitoso","timestamp":"2025-07-15T03:45:11.714Z"}
{"correo":"angelrico122001@gmail.com","intentos_fallidos":7,"ip":"::1","level":"warn","message":"Cuenta bloqueada por intentos fallidos","timestamp":"2025-07-15T03:47:59.137Z"}
{"bloqueado_hasta":"2025-07-15T04:02:59.000Z","correo":"angelrico122001@gmail.com","ip":"::1","level":"warn","message":"Intento de acceso a cuenta bloqueada","timestamp":"2025-07-15T03:48:34.513Z"}
{"correo":"rooklrs@outlook.com","id_usuario":3,"ip":"::1","level":"info","message":"Login exitoso","timestamp":"2025-07-15T03:49:35.056Z"}
{"correo":"angel@gmail.com","id_usuario":1,"ip":"::1","level":"info","message":"Login exitoso","timestamp":"2025-07-15T03:52:41.813Z"}
{"correo":"rooklrs@outlook.com","id_usuario":3,"ip":"::1","level":"info","message":"Login exitoso","timestamp":"2025-07-15T03:56:05.891Z"}

{"correo":"angel@gmail.com","id_usuario":1,"ip":"::1","level":"info","message":"Login exitoso","timestamp":"2025-07-15T21:29:40.089Z"}
{"correo":"mitsimy@gmail.com","id_usuario":4,"ip":"::1","level":"info","message":"Login exitoso","timestamp":"2025-07-15T21:31:03.867Z"}
{"correo":"mitsimy@gmail.com","id_usuario":4,"ip":"::1","level":"info","message":"Login exitoso","timestamp":"2025-07-15T21:33:06.016Z"}
{"correo":"angel@gmail.com","id_usuario":1,"ip":"::1","level":"info","message":"Login exitoso","timestamp":"2025-07-15T21:36:26.329Z"}
{"correo":"rooklrs@outlook.com","id_usuario":3,"ip":"::1","level":"info","message":"Login exitoso","timestamp":"2025-07-15T21:37:30.652Z"}
{"correo":"rooklrs@outlook.com","id_usuario":3,"ip":"::1","level":"info","message":"Login exitoso","timestamp":"2025-07-15T21:48:57.267Z"}
{"correo":"angel@gmail.com","id_usuario":1,"ip":"::1","level":"info","message":"Login exitoso","timestamp":"2025-07-15T21:49:37.059Z"}
{"correo":"angel@gmail.com","id_usuario":1,"ip":"::1","level":"info","message":"Login exitoso","timestamp":"2025-07-18T18:35:33.314Z"}
{"correo":"angel@gmail.com","id_usuario":1,"ip":"::1","level":"info","message":"Login exitoso","timestamp":"2025-07-18T18:36:47.583Z"}
{"correo":"rooklrs@outlook.com","id_usuario":3,"ip":"::1","level":"info","message":"Login exitoso","timestamp":"2025-07-18T19:21:08.168Z"}
